2019-05-31 11:21:32.490  INFO 21976 --- [main] com.cnct.ComsysApplication               : The following profiles are active: dev
2019-05-31 11:21:34.245  INFO 21976 --- [main] o.apache.catalina.core.StandardService   : Starting service [Tomcat]
2019-05-31 11:21:34.246  INFO 21976 --- [main] org.apache.catalina.core.StandardEngine  : Starting Servlet engine: [Apache Tomcat/9.0.16]
2019-05-31 11:21:34.253  INFO 21976 --- [main] o.a.catalina.core.AprLifecycleListener   : The APR based Apache Tomcat Native library which allows optimal performance in production environments was not found on the java.library.path: [C:\Java\jdk1.8.0_131\bin;C:\WINDOWS\Sun\Java\bin;C:\WINDOWS\system32;C:\WINDOWS;D:\utils\product\11.2.0\client_1;D:\utils\product\11.2.0\client_1\bin;C:\ProgramData\Oracle\Java\javapath;C:\Java\jdk1.6.0_21\bin;C:\Program Files (x86)\Intel\iCLS Client\;C:\Program Files\Intel\iCLS Client\;C:\Windows\system32;C:\Windows;C:\Windows\System32\Wbem;C:\Windows\System32\WindowsPowerShell\v1.0\;C:\Program Files\Intel\Intel(R) Management Engine Components\DAL;C:\Program Files\Intel\Intel(R) Management Engine Components\IPT;C:\Program Files (x86)\Intel\Intel(R) Management Engine Components\DAL;C:\Program Files (x86)\Intel\Intel(R) Management Engine Components\IPT;C:\Program Files\Intel\WiFi\bin\;C:\Program Files\Common Files\Intel\WirelessCommon\;C:\Program Files (x86)\NVIDIA Corporation\PhysX\Common;C:\WINDOWS\system32;C:\WINDOWS;C:\WINDOWS\System32\Wbem;C:\WINDOWS\System32\WindowsPowerShell\v1.0\;D:\MySQL\bin;D:\utils\maven3.5.4\apache-maven-3.5.4\bin;D:\utils\Git\cmd;D:\utils\TortoiseGit\bin;D:\utils\VisualSVN Server\bin;D:\utils\TortoiseSVN\bin;D:\utils\Tesseract-OCR;D:\utils\Tesseract-OCR3.0.2;D:\utils\nodejs\node-v8.11.3-win-x64;D:\utils\nodejs\node-v8.11.3-win-x64\node_global;C:\WINDOWS\System32\OpenSSH\;C:\Java\jdk1.8.0_131\bin;C:\Users\iasus\AppData\Local\Microsoft\WindowsApps;C:\Users\iasus\AppData\Local\GitHubDesktop\bin;D:\utils\SSHSecureShellClient-3.2.9;C:\Users\iasus\AppData\Local\Microsoft\WindowsApps;D:\utils\Tesseract-OCR3.0.2;;.]
2019-05-31 11:21:34.430  INFO 21976 --- [main] o.a.c.c.C.[Tomcat].[localhost].[/whale]  : Initializing Spring embedded WebApplicationContext
2019-05-31 11:21:34.916  INFO 21976 --- [main] com.alibaba.druid.pool.DruidDataSource   : {dataSource-1} inited
2019-05-31 11:21:35.430  INFO 21976 --- [main] o.hibernate.jpa.internal.util.LogHelper  : HHH000204: Processing PersistenceUnitInfo [
	name: default
	...]
2019-05-31 11:21:35.534  INFO 21976 --- [main] org.hibernate.Version                    : HHH000412: Hibernate Core {5.3.7.Final}
2019-05-31 11:21:35.535  INFO 21976 --- [main] org.hibernate.cfg.Environment            : HHH000206: hibernate.properties not found
2019-05-31 11:21:35.834  INFO 21976 --- [main] o.hibernate.annotations.common.Version   : HCANN000001: Hibernate Commons Annotations {5.0.4.Final}
2019-05-31 11:21:36.041  INFO 21976 --- [main] org.hibernate.dialect.Dialect            : HHH000400: Using dialect: org.hibernate.dialect.MySQL5Dialect
2019-05-31 11:21:37.277  WARN 21976 --- [main] aWebConfiguration$JpaWebMvcConfiguration : spring.jpa.open-in-view is enabled by default. Therefore, database queries may be performed during view rendering. Explicitly configure spring.jpa.open-in-view to disable this warning
2019-05-31 11:21:37.484  INFO 21976 --- [main] o.a.c.w.s.f.ReflectionServiceFactoryBean : Creating Service {http://wsdemo.cnct.com}modelService from class com.cnct.wsdemo.AppService
2019-05-31 11:21:37.973  INFO 21976 --- [main] org.apache.cxf.endpoint.ServerImpl       : Setting the server's publish address to be /wstest
2019-05-31 11:21:38.360  INFO 21976 --- [main] pertySourcedRequestMappingHandlerMapping : Mapped URL path [/v2/api-docs] onto method [public org.springframework.http.ResponseEntity<springfox.documentation.spring.web.json.Json> springfox.documentation.swagger2.web.Swagger2Controller.getDocumentation(java.lang.String,javax.servlet.http.HttpServletRequest)]
2019-05-31 11:21:38.385  WARN 21976 --- [main] c.n.c.sources.URLConfigurationSource     : No URLs will be polled as dynamic configuration sources.
2019-05-31 11:21:38.386  INFO 21976 --- [main] c.n.c.sources.URLConfigurationSource     : To enable URLs as dynamic configuration sources, define System property archaius.configurationSource.additionalUrls or make config.properties available on classpath.
2019-05-31 11:21:38.391  WARN 21976 --- [main] c.n.c.sources.URLConfigurationSource     : No URLs will be polled as dynamic configuration sources.
2019-05-31 11:21:38.391  INFO 21976 --- [main] c.n.c.sources.URLConfigurationSource     : To enable URLs as dynamic configuration sources, define System property archaius.configurationSource.additionalUrls or make config.properties available on classpath.
2019-05-31 11:21:38.727  WARN 21976 --- [main] ion$DefaultTemplateResolverConfiguration : Cannot find template location: classpath:/templates/ (please add some templates or check your Thymeleaf configuration)
2019-05-31 11:21:40.295  INFO 21976 --- [main] com.netflix.discovery.DiscoveryClient    : Shutting down DiscoveryClient ...
2019-05-31 11:21:40.301  INFO 21976 --- [main] com.netflix.discovery.DiscoveryClient    : Completed shut down of DiscoveryClient
2019-05-31 11:21:40.407  INFO 21976 --- [main] com.netflix.discovery.DiscoveryClient    : Initializing Eureka in region us-east-1
2019-05-31 11:21:40.409  INFO 21976 --- [main] c.n.d.provider.DiscoveryJerseyProvider   : Using JSON encoding codec LegacyJacksonJson
2019-05-31 11:21:40.409  INFO 21976 --- [main] c.n.d.provider.DiscoveryJerseyProvider   : Using JSON decoding codec LegacyJacksonJson
2019-05-31 11:21:40.409  INFO 21976 --- [main] c.n.d.provider.DiscoveryJerseyProvider   : Using XML encoding codec XStreamXml
2019-05-31 11:21:40.410  INFO 21976 --- [main] c.n.d.provider.DiscoveryJerseyProvider   : Using XML decoding codec XStreamXml
2019-05-31 11:21:40.509  INFO 21976 --- [main] c.n.d.s.r.aws.ConfigClusterResolver      : Resolving eureka endpoints via configuration
2019-05-31 11:21:40.510  INFO 21976 --- [main] com.netflix.discovery.DiscoveryClient    : Disable delta property : false
2019-05-31 11:21:40.510  INFO 21976 --- [main] com.netflix.discovery.DiscoveryClient    : Single vip registry refresh property : null
2019-05-31 11:21:40.510  INFO 21976 --- [main] com.netflix.discovery.DiscoveryClient    : Force full registry fetch : false
2019-05-31 11:21:40.510  INFO 21976 --- [main] com.netflix.discovery.DiscoveryClient    : Application is null : false
2019-05-31 11:21:40.511  INFO 21976 --- [main] com.netflix.discovery.DiscoveryClient    : Registered Applications size is zero : true
2019-05-31 11:21:40.511  INFO 21976 --- [main] com.netflix.discovery.DiscoveryClient    : Application version is -1: true
2019-05-31 11:21:40.511  INFO 21976 --- [main] com.netflix.discovery.DiscoveryClient    : Getting all instance registry info from the eureka server
2019-05-31 11:21:40.514  INFO 21976 --- [main] com.netflix.discovery.DiscoveryClient    : The response status is 200
2019-05-31 11:21:40.515  INFO 21976 --- [main] com.netflix.discovery.DiscoveryClient    : Starting heartbeat executor: renew interval is: 30
2019-05-31 11:21:40.518  INFO 21976 --- [main] c.n.discovery.InstanceInfoReplicator     : InstanceInfoReplicator onDemand update allowed rate per min is 4
2019-05-31 11:21:40.519  INFO 21976 --- [main] com.netflix.discovery.DiscoveryClient    : Discovery Client initialized at timestamp 1559272900519 with initial instances count: 1
2019-05-31 11:21:40.522  INFO 21976 --- [main] com.netflix.discovery.DiscoveryClient    : Saw local status change event StatusChangeEvent [timestamp=1559272900522, current=UP, previous=STARTING]
2019-05-31 11:21:40.525  INFO 21976 --- [DiscoveryClient-InstanceInfoReplicator-0] com.netflix.discovery.DiscoveryClient    : DiscoveryClient_PROVIDER-SERVICE/Tiffany:provider-service:8092: registering service...
2019-05-31 11:21:40.526  INFO 21976 --- [main] d.s.w.p.DocumentationPluginsBootstrapper : Context refreshed
2019-05-31 11:21:40.598  INFO 21976 --- [main] d.s.w.p.DocumentationPluginsBootstrapper : Found 1 custom documentation plugin(s)
2019-05-31 11:21:40.625  INFO 21976 --- [DiscoveryClient-InstanceInfoReplicator-0] com.netflix.discovery.DiscoveryClient    : DiscoveryClient_PROVIDER-SERVICE/Tiffany:provider-service:8092 - registration status: 204
2019-05-31 11:21:40.655  INFO 21976 --- [main] s.d.s.w.s.ApiListingReferenceScanner     : Scanning for api listing references
2019-05-31 11:21:40.847  INFO 21976 --- [main] .d.s.w.r.o.CachingOperationNameGenerator : Generating unique operation named: queryModelsUsingPOST_1
2019-05-31 11:21:40.917  INFO 21976 --- [main] com.cnct.ComsysApplication               : Started ComsysApplication in 17.922 seconds (JVM running for 18.64)
2019-05-31 11:22:11.017  INFO 21976 --- [http-nio-8092-exec-1] o.a.c.c.C.[Tomcat].[localhost].[/whale]  : Initializing Spring DispatcherServlet 'dispatcherServlet'
2019-05-31 11:26:40.513  INFO 21976 --- [AsyncResolver-bootstrap-executor-0] c.n.d.s.r.aws.ConfigClusterResolver      : Resolving eureka endpoints via configuration
2019-05-31 11:28:51.436 DEBUG 21976 --- [http-nio-8092-exec-7] c.cnct.mapper.ModelMapper.getmodelbyid   : ==>  Preparing: select * from model where model_id = ? 
2019-05-31 11:28:51.469 DEBUG 21976 --- [http-nio-8092-exec-7] c.cnct.mapper.ModelMapper.getmodelbyid   : ==> Parameters: 8(Integer)
2019-05-31 11:28:51.765 DEBUG 21976 --- [http-nio-8092-exec-7] c.cnct.mapper.ModelMapper.getmodelbyid   : <==      Total: 1
2019-05-31 11:29:04.231 DEBUG 21976 --- [http-nio-8092-exec-9] c.cnct.mapper.ModelMapper.getmodelbyid   : ==>  Preparing: select * from model where model_id = ? 
2019-05-31 11:29:04.231 DEBUG 21976 --- [http-nio-8092-exec-9] c.cnct.mapper.ModelMapper.getmodelbyid   : ==> Parameters: 90(Integer)
2019-05-31 11:29:04.234 DEBUG 21976 --- [http-nio-8092-exec-9] c.cnct.mapper.ModelMapper.getmodelbyid   : <==      Total: 1
2019-05-31 11:29:41.065 DEBUG 21976 --- [http-nio-8092-exec-2] c.cnct.mapper.ModelMapper.getmodelbyid   : ==>  Preparing: select * from model where model_id = ? 
2019-05-31 11:29:41.065 DEBUG 21976 --- [http-nio-8092-exec-2] c.cnct.mapper.ModelMapper.getmodelbyid   : ==> Parameters: 8(Integer)
2019-05-31 11:29:41.067 DEBUG 21976 --- [http-nio-8092-exec-2] c.cnct.mapper.ModelMapper.getmodelbyid   : <==      Total: 1
2019-05-31 11:29:48.124 DEBUG 21976 --- [http-nio-8092-exec-1] c.cnct.mapper.ModelMapper.getmodelbyid   : ==>  Preparing: select * from model where model_id = ? 
2019-05-31 11:29:48.124 DEBUG 21976 --- [http-nio-8092-exec-1] c.cnct.mapper.ModelMapper.getmodelbyid   : ==> Parameters: 8(Integer)
2019-05-31 11:29:48.126 DEBUG 21976 --- [http-nio-8092-exec-1] c.cnct.mapper.ModelMapper.getmodelbyid   : <==      Total: 1
2019-05-31 11:31:40.515  INFO 21976 --- [AsyncResolver-bootstrap-executor-0] c.n.d.s.r.aws.ConfigClusterResolver      : Resolving eureka endpoints via configuration
2019-05-31 11:36:40.516  INFO 21976 --- [AsyncResolver-bootstrap-executor-0] c.n.d.s.r.aws.ConfigClusterResolver      : Resolving eureka endpoints via configuration
2019-05-31 11:41:40.517  INFO 21976 --- [AsyncResolver-bootstrap-executor-0] c.n.d.s.r.aws.ConfigClusterResolver      : Resolving eureka endpoints via configuration
2019-05-31 11:46:40.519  INFO 21976 --- [AsyncResolver-bootstrap-executor-0] c.n.d.s.r.aws.ConfigClusterResolver      : Resolving eureka endpoints via configuration
2019-05-31 11:48:29.147  INFO 14192 --- [main] com.cnct.ComsysApplication               : The following profiles are active: dev
2019-05-31 11:48:30.905  INFO 14192 --- [main] o.apache.catalina.core.StandardService   : Starting service [Tomcat]
2019-05-31 11:48:30.906  INFO 14192 --- [main] org.apache.catalina.core.StandardEngine  : Starting Servlet engine: [Apache Tomcat/9.0.16]
2019-05-31 11:48:30.912  INFO 14192 --- [main] o.a.catalina.core.AprLifecycleListener   : The APR based Apache Tomcat Native library which allows optimal performance in production environments was not found on the java.library.path: [C:\Java\jdk1.8.0_131\bin;C:\WINDOWS\Sun\Java\bin;C:\WINDOWS\system32;C:\WINDOWS;D:\utils\product\11.2.0\client_1;D:\utils\product\11.2.0\client_1\bin;C:\ProgramData\Oracle\Java\javapath;C:\Java\jdk1.6.0_21\bin;C:\Program Files (x86)\Intel\iCLS Client\;C:\Program Files\Intel\iCLS Client\;C:\Windows\system32;C:\Windows;C:\Windows\System32\Wbem;C:\Windows\System32\WindowsPowerShell\v1.0\;C:\Program Files\Intel\Intel(R) Management Engine Components\DAL;C:\Program Files\Intel\Intel(R) Management Engine Components\IPT;C:\Program Files (x86)\Intel\Intel(R) Management Engine Components\DAL;C:\Program Files (x86)\Intel\Intel(R) Management Engine Components\IPT;C:\Program Files\Intel\WiFi\bin\;C:\Program Files\Common Files\Intel\WirelessCommon\;C:\Program Files (x86)\NVIDIA Corporation\PhysX\Common;C:\WINDOWS\system32;C:\WINDOWS;C:\WINDOWS\System32\Wbem;C:\WINDOWS\System32\WindowsPowerShell\v1.0\;D:\MySQL\bin;D:\utils\maven3.5.4\apache-maven-3.5.4\bin;D:\utils\Git\cmd;D:\utils\TortoiseGit\bin;D:\utils\VisualSVN Server\bin;D:\utils\TortoiseSVN\bin;D:\utils\Tesseract-OCR;D:\utils\Tesseract-OCR3.0.2;D:\utils\nodejs\node-v8.11.3-win-x64;D:\utils\nodejs\node-v8.11.3-win-x64\node_global;C:\WINDOWS\System32\OpenSSH\;C:\Java\jdk1.8.0_131\bin;C:\Users\iasus\AppData\Local\Microsoft\WindowsApps;C:\Users\iasus\AppData\Local\GitHubDesktop\bin;D:\utils\SSHSecureShellClient-3.2.9;C:\Users\iasus\AppData\Local\Microsoft\WindowsApps;D:\utils\Tesseract-OCR3.0.2;;.]
2019-05-31 11:48:31.084  INFO 14192 --- [main] o.a.c.c.C.[Tomcat].[localhost].[/whale]  : Initializing Spring embedded WebApplicationContext
2019-05-31 11:48:31.466  INFO 14192 --- [main] com.alibaba.druid.pool.DruidDataSource   : {dataSource-1} inited
2019-05-31 11:48:31.663  INFO 14192 --- [main] o.hibernate.jpa.internal.util.LogHelper  : HHH000204: Processing PersistenceUnitInfo [
	name: default
	...]
2019-05-31 11:48:31.729  INFO 14192 --- [main] org.hibernate.Version                    : HHH000412: Hibernate Core {5.3.7.Final}
2019-05-31 11:48:31.731  INFO 14192 --- [main] org.hibernate.cfg.Environment            : HHH000206: hibernate.properties not found
2019-05-31 11:48:31.855  INFO 14192 --- [main] o.hibernate.annotations.common.Version   : HCANN000001: Hibernate Commons Annotations {5.0.4.Final}
2019-05-31 11:48:31.989  INFO 14192 --- [main] org.hibernate.dialect.Dialect            : HHH000400: Using dialect: org.hibernate.dialect.MySQL5Dialect
2019-05-31 11:48:33.010  WARN 14192 --- [main] aWebConfiguration$JpaWebMvcConfiguration : spring.jpa.open-in-view is enabled by default. Therefore, database queries may be performed during view rendering. Explicitly configure spring.jpa.open-in-view to disable this warning
2019-05-31 11:48:33.161  INFO 14192 --- [main] o.a.c.w.s.f.ReflectionServiceFactoryBean : Creating Service {http://wsdemo.cnct.com}modelService from class com.cnct.wsdemo.AppService
2019-05-31 11:48:33.544  INFO 14192 --- [main] org.apache.cxf.endpoint.ServerImpl       : Setting the server's publish address to be /wstest
2019-05-31 11:48:33.767  INFO 14192 --- [main] pertySourcedRequestMappingHandlerMapping : Mapped URL path [/v2/api-docs] onto method [public org.springframework.http.ResponseEntity<springfox.documentation.spring.web.json.Json> springfox.documentation.swagger2.web.Swagger2Controller.getDocumentation(java.lang.String,javax.servlet.http.HttpServletRequest)]
2019-05-31 11:48:33.791  WARN 14192 --- [main] c.n.c.sources.URLConfigurationSource     : No URLs will be polled as dynamic configuration sources.
2019-05-31 11:48:33.792  INFO 14192 --- [main] c.n.c.sources.URLConfigurationSource     : To enable URLs as dynamic configuration sources, define System property archaius.configurationSource.additionalUrls or make config.properties available on classpath.
2019-05-31 11:48:33.796  WARN 14192 --- [main] c.n.c.sources.URLConfigurationSource     : No URLs will be polled as dynamic configuration sources.
2019-05-31 11:48:33.797  INFO 14192 --- [main] c.n.c.sources.URLConfigurationSource     : To enable URLs as dynamic configuration sources, define System property archaius.configurationSource.additionalUrls or make config.properties available on classpath.
2019-05-31 11:48:34.098  WARN 14192 --- [main] ion$DefaultTemplateResolverConfiguration : Cannot find template location: classpath:/templates/ (please add some templates or check your Thymeleaf configuration)
2019-05-31 11:48:35.637  INFO 14192 --- [main] com.netflix.discovery.DiscoveryClient    : Shutting down DiscoveryClient ...
2019-05-31 11:48:35.644  INFO 14192 --- [main] com.netflix.discovery.DiscoveryClient    : Completed shut down of DiscoveryClient
2019-05-31 11:48:35.746  INFO 14192 --- [main] com.netflix.discovery.DiscoveryClient    : Initializing Eureka in region us-east-1
2019-05-31 11:48:35.749  INFO 14192 --- [main] c.n.d.provider.DiscoveryJerseyProvider   : Using JSON encoding codec LegacyJacksonJson
2019-05-31 11:48:35.749  INFO 14192 --- [main] c.n.d.provider.DiscoveryJerseyProvider   : Using JSON decoding codec LegacyJacksonJson
2019-05-31 11:48:35.749  INFO 14192 --- [main] c.n.d.provider.DiscoveryJerseyProvider   : Using XML encoding codec XStreamXml
2019-05-31 11:48:35.749  INFO 14192 --- [main] c.n.d.provider.DiscoveryJerseyProvider   : Using XML decoding codec XStreamXml
2019-05-31 11:48:35.847  INFO 14192 --- [main] c.n.d.s.r.aws.ConfigClusterResolver      : Resolving eureka endpoints via configuration
2019-05-31 11:48:35.848  INFO 14192 --- [main] com.netflix.discovery.DiscoveryClient    : Disable delta property : false
2019-05-31 11:48:35.849  INFO 14192 --- [main] com.netflix.discovery.DiscoveryClient    : Single vip registry refresh property : null
2019-05-31 11:48:35.849  INFO 14192 --- [main] com.netflix.discovery.DiscoveryClient    : Force full registry fetch : false
2019-05-31 11:48:35.849  INFO 14192 --- [main] com.netflix.discovery.DiscoveryClient    : Application is null : false
2019-05-31 11:48:35.849  INFO 14192 --- [main] com.netflix.discovery.DiscoveryClient    : Registered Applications size is zero : true
2019-05-31 11:48:35.849  INFO 14192 --- [main] com.netflix.discovery.DiscoveryClient    : Application version is -1: true
2019-05-31 11:48:35.849  INFO 14192 --- [main] com.netflix.discovery.DiscoveryClient    : Getting all instance registry info from the eureka server
2019-05-31 11:48:35.854  INFO 14192 --- [main] com.netflix.discovery.DiscoveryClient    : The response status is 200
2019-05-31 11:48:35.855  INFO 14192 --- [main] com.netflix.discovery.DiscoveryClient    : Starting heartbeat executor: renew interval is: 30
2019-05-31 11:48:35.859  INFO 14192 --- [main] c.n.discovery.InstanceInfoReplicator     : InstanceInfoReplicator onDemand update allowed rate per min is 4
2019-05-31 11:48:35.861  INFO 14192 --- [main] com.netflix.discovery.DiscoveryClient    : Discovery Client initialized at timestamp 1559274515861 with initial instances count: 2
2019-05-31 11:48:35.863  INFO 14192 --- [main] com.netflix.discovery.DiscoveryClient    : Saw local status change event StatusChangeEvent [timestamp=1559274515863, current=UP, previous=STARTING]
2019-05-31 11:48:35.865  INFO 14192 --- [main] d.s.w.p.DocumentationPluginsBootstrapper : Context refreshed
2019-05-31 11:48:35.865  INFO 14192 --- [DiscoveryClient-InstanceInfoReplicator-0] com.netflix.discovery.DiscoveryClient    : DiscoveryClient_PROVIDER-SERVICE/Tiffany:provider-service:8092: registering service...
2019-05-31 11:48:35.890  INFO 14192 --- [main] d.s.w.p.DocumentationPluginsBootstrapper : Found 1 custom documentation plugin(s)
2019-05-31 11:48:35.910  INFO 14192 --- [DiscoveryClient-InstanceInfoReplicator-0] com.netflix.discovery.DiscoveryClient    : DiscoveryClient_PROVIDER-SERVICE/Tiffany:provider-service:8092 - registration status: 204
2019-05-31 11:48:35.923  INFO 14192 --- [main] s.d.s.w.s.ApiListingReferenceScanner     : Scanning for api listing references
2019-05-31 11:48:36.084  INFO 14192 --- [main] .d.s.w.r.o.CachingOperationNameGenerator : Generating unique operation named: queryModelsUsingPOST_1
2019-05-31 11:48:36.156  INFO 14192 --- [main] com.cnct.ComsysApplication               : Started ComsysApplication in 15.317 seconds (JVM running for 16.127)
2019-05-31 11:49:00.566  INFO 14192 --- [http-nio-8092-exec-1] o.a.c.c.C.[Tomcat].[localhost].[/whale]  : Initializing Spring DispatcherServlet 'dispatcherServlet'
2019-05-31 11:51:47.187  INFO 19832 --- [main] com.cnct.ComsysApplication               : The following profiles are active: dev
2019-05-31 11:51:48.962  INFO 19832 --- [main] o.apache.catalina.core.StandardService   : Starting service [Tomcat]
2019-05-31 11:51:48.963  INFO 19832 --- [main] org.apache.catalina.core.StandardEngine  : Starting Servlet engine: [Apache Tomcat/9.0.16]
2019-05-31 11:51:48.969  INFO 19832 --- [main] o.a.catalina.core.AprLifecycleListener   : The APR based Apache Tomcat Native library which allows optimal performance in production environments was not found on the java.library.path: [C:\Java\jdk1.8.0_131\bin;C:\WINDOWS\Sun\Java\bin;C:\WINDOWS\system32;C:\WINDOWS;D:\utils\product\11.2.0\client_1;D:\utils\product\11.2.0\client_1\bin;C:\ProgramData\Oracle\Java\javapath;C:\Java\jdk1.6.0_21\bin;C:\Program Files (x86)\Intel\iCLS Client\;C:\Program Files\Intel\iCLS Client\;C:\Windows\system32;C:\Windows;C:\Windows\System32\Wbem;C:\Windows\System32\WindowsPowerShell\v1.0\;C:\Program Files\Intel\Intel(R) Management Engine Components\DAL;C:\Program Files\Intel\Intel(R) Management Engine Components\IPT;C:\Program Files (x86)\Intel\Intel(R) Management Engine Components\DAL;C:\Program Files (x86)\Intel\Intel(R) Management Engine Components\IPT;C:\Program Files\Intel\WiFi\bin\;C:\Program Files\Common Files\Intel\WirelessCommon\;C:\Program Files (x86)\NVIDIA Corporation\PhysX\Common;C:\WINDOWS\system32;C:\WINDOWS;C:\WINDOWS\System32\Wbem;C:\WINDOWS\System32\WindowsPowerShell\v1.0\;D:\MySQL\bin;D:\utils\maven3.5.4\apache-maven-3.5.4\bin;D:\utils\Git\cmd;D:\utils\TortoiseGit\bin;D:\utils\VisualSVN Server\bin;D:\utils\TortoiseSVN\bin;D:\utils\Tesseract-OCR;D:\utils\Tesseract-OCR3.0.2;D:\utils\nodejs\node-v8.11.3-win-x64;D:\utils\nodejs\node-v8.11.3-win-x64\node_global;C:\WINDOWS\System32\OpenSSH\;C:\Java\jdk1.8.0_131\bin;C:\Users\iasus\AppData\Local\Microsoft\WindowsApps;C:\Users\iasus\AppData\Local\GitHubDesktop\bin;D:\utils\SSHSecureShellClient-3.2.9;C:\Users\iasus\AppData\Local\Microsoft\WindowsApps;D:\utils\Tesseract-OCR3.0.2;;.]
2019-05-31 11:51:49.145  INFO 19832 --- [main] o.a.c.c.C.[Tomcat].[localhost].[/whale]  : Initializing Spring embedded WebApplicationContext
2019-05-31 11:51:49.543  INFO 19832 --- [main] com.alibaba.druid.pool.DruidDataSource   : {dataSource-1} inited
2019-05-31 11:51:49.673  INFO 19832 --- [main] o.hibernate.jpa.internal.util.LogHelper  : HHH000204: Processing PersistenceUnitInfo [
	name: default
	...]
2019-05-31 11:51:49.732  INFO 19832 --- [main] org.hibernate.Version                    : HHH000412: Hibernate Core {5.3.7.Final}
2019-05-31 11:51:49.735  INFO 19832 --- [main] org.hibernate.cfg.Environment            : HHH000206: hibernate.properties not found
2019-05-31 11:51:49.865  INFO 19832 --- [main] o.hibernate.annotations.common.Version   : HCANN000001: Hibernate Commons Annotations {5.0.4.Final}
2019-05-31 11:51:50.001  INFO 19832 --- [main] org.hibernate.dialect.Dialect            : HHH000400: Using dialect: org.hibernate.dialect.MySQL5Dialect
2019-05-31 11:51:51.055  WARN 19832 --- [main] aWebConfiguration$JpaWebMvcConfiguration : spring.jpa.open-in-view is enabled by default. Therefore, database queries may be performed during view rendering. Explicitly configure spring.jpa.open-in-view to disable this warning
2019-05-31 11:51:51.218  INFO 19832 --- [main] o.a.c.w.s.f.ReflectionServiceFactoryBean : Creating Service {http://wsdemo.cnct.com}modelService from class com.cnct.wsdemo.AppService
2019-05-31 11:51:51.603  INFO 19832 --- [main] org.apache.cxf.endpoint.ServerImpl       : Setting the server's publish address to be /wstest
2019-05-31 11:51:51.846  INFO 19832 --- [main] pertySourcedRequestMappingHandlerMapping : Mapped URL path [/v2/api-docs] onto method [public org.springframework.http.ResponseEntity<springfox.documentation.spring.web.json.Json> springfox.documentation.swagger2.web.Swagger2Controller.getDocumentation(java.lang.String,javax.servlet.http.HttpServletRequest)]
2019-05-31 11:51:51.871  WARN 19832 --- [main] c.n.c.sources.URLConfigurationSource     : No URLs will be polled as dynamic configuration sources.
2019-05-31 11:51:51.872  INFO 19832 --- [main] c.n.c.sources.URLConfigurationSource     : To enable URLs as dynamic configuration sources, define System property archaius.configurationSource.additionalUrls or make config.properties available on classpath.
2019-05-31 11:51:51.876  WARN 19832 --- [main] c.n.c.sources.URLConfigurationSource     : No URLs will be polled as dynamic configuration sources.
2019-05-31 11:51:51.877  INFO 19832 --- [main] c.n.c.sources.URLConfigurationSource     : To enable URLs as dynamic configuration sources, define System property archaius.configurationSource.additionalUrls or make config.properties available on classpath.
2019-05-31 11:51:52.180  WARN 19832 --- [main] ion$DefaultTemplateResolverConfiguration : Cannot find template location: classpath:/templates/ (please add some templates or check your Thymeleaf configuration)
2019-05-31 11:51:53.681  INFO 19832 --- [main] com.netflix.discovery.DiscoveryClient    : Shutting down DiscoveryClient ...
2019-05-31 11:51:53.688  INFO 19832 --- [main] com.netflix.discovery.DiscoveryClient    : Completed shut down of DiscoveryClient
2019-05-31 11:51:53.791  INFO 19832 --- [main] com.netflix.discovery.DiscoveryClient    : Initializing Eureka in region us-east-1
2019-05-31 11:51:53.794  INFO 19832 --- [main] c.n.d.provider.DiscoveryJerseyProvider   : Using JSON encoding codec LegacyJacksonJson
2019-05-31 11:51:53.794  INFO 19832 --- [main] c.n.d.provider.DiscoveryJerseyProvider   : Using JSON decoding codec LegacyJacksonJson
2019-05-31 11:51:53.794  INFO 19832 --- [main] c.n.d.provider.DiscoveryJerseyProvider   : Using XML encoding codec XStreamXml
2019-05-31 11:51:53.794  INFO 19832 --- [main] c.n.d.provider.DiscoveryJerseyProvider   : Using XML decoding codec XStreamXml
2019-05-31 11:51:53.896  INFO 19832 --- [main] c.n.d.s.r.aws.ConfigClusterResolver      : Resolving eureka endpoints via configuration
2019-05-31 11:51:53.897  INFO 19832 --- [main] com.netflix.discovery.DiscoveryClient    : Disable delta property : false
2019-05-31 11:51:53.898  INFO 19832 --- [main] com.netflix.discovery.DiscoveryClient    : Single vip registry refresh property : null
2019-05-31 11:51:53.898  INFO 19832 --- [main] com.netflix.discovery.DiscoveryClient    : Force full registry fetch : false
2019-05-31 11:51:53.898  INFO 19832 --- [main] com.netflix.discovery.DiscoveryClient    : Application is null : false
2019-05-31 11:51:53.898  INFO 19832 --- [main] com.netflix.discovery.DiscoveryClient    : Registered Applications size is zero : true
2019-05-31 11:51:53.898  INFO 19832 --- [main] com.netflix.discovery.DiscoveryClient    : Application version is -1: true
2019-05-31 11:51:53.898  INFO 19832 --- [main] com.netflix.discovery.DiscoveryClient    : Getting all instance registry info from the eureka server
2019-05-31 11:51:53.902  INFO 19832 --- [main] com.netflix.discovery.DiscoveryClient    : The response status is 200
2019-05-31 11:51:53.903  INFO 19832 --- [main] com.netflix.discovery.DiscoveryClient    : Starting heartbeat executor: renew interval is: 30
2019-05-31 11:51:53.905  INFO 19832 --- [main] c.n.discovery.InstanceInfoReplicator     : InstanceInfoReplicator onDemand update allowed rate per min is 4
2019-05-31 11:51:53.907  INFO 19832 --- [main] com.netflix.discovery.DiscoveryClient    : Discovery Client initialized at timestamp 1559274713907 with initial instances count: 2
2019-05-31 11:51:53.909  INFO 19832 --- [main] com.netflix.discovery.DiscoveryClient    : Saw local status change event StatusChangeEvent [timestamp=1559274713909, current=UP, previous=STARTING]
2019-05-31 11:51:53.911  INFO 19832 --- [main] d.s.w.p.DocumentationPluginsBootstrapper : Context refreshed
2019-05-31 11:51:53.911  INFO 19832 --- [DiscoveryClient-InstanceInfoReplicator-0] com.netflix.discovery.DiscoveryClient    : DiscoveryClient_PROVIDER-SERVICE/Tiffany:provider-service:8092: registering service...
2019-05-31 11:51:53.933  INFO 19832 --- [main] d.s.w.p.DocumentationPluginsBootstrapper : Found 1 custom documentation plugin(s)
2019-05-31 11:51:53.953  INFO 19832 --- [DiscoveryClient-InstanceInfoReplicator-0] com.netflix.discovery.DiscoveryClient    : DiscoveryClient_PROVIDER-SERVICE/Tiffany:provider-service:8092 - registration status: 204
2019-05-31 11:51:53.966  INFO 19832 --- [main] s.d.s.w.s.ApiListingReferenceScanner     : Scanning for api listing references
2019-05-31 11:51:54.156  INFO 19832 --- [main] .d.s.w.r.o.CachingOperationNameGenerator : Generating unique operation named: queryModelsUsingPOST_1
2019-05-31 11:51:54.238  INFO 19832 --- [main] com.cnct.ComsysApplication               : Started ComsysApplication in 13.924 seconds (JVM running for 14.704)
2019-05-31 11:52:17.950  INFO 19832 --- [http-nio-8092-exec-1] o.a.c.c.C.[Tomcat].[localhost].[/whale]  : Initializing Spring DispatcherServlet 'dispatcherServlet'
2019-05-31 11:53:04.737  INFO 19832 --- [http-nio-8092-exec-7] io.lettuce.core.EpollProvider            : Starting without optional epoll library
2019-05-31 11:53:04.740  INFO 19832 --- [http-nio-8092-exec-7] io.lettuce.core.KqueueProvider           : Starting without optional kqueue library
2019-05-31 11:53:55.003 DEBUG 19832 --- [http-nio-8092-exec-9] c.cnct.mapper.ModelMapper.getmodelbyid   : ==>  Preparing: select * from model where model_id = ? 
2019-05-31 11:53:55.026 DEBUG 19832 --- [http-nio-8092-exec-9] c.cnct.mapper.ModelMapper.getmodelbyid   : ==> Parameters: 43(Integer)
2019-05-31 11:53:55.040 DEBUG 19832 --- [http-nio-8092-exec-9] c.cnct.mapper.ModelMapper.getmodelbyid   : <==      Total: 1
2019-05-31 11:56:53.899  INFO 19832 --- [AsyncResolver-bootstrap-executor-0] c.n.d.s.r.aws.ConfigClusterResolver      : Resolving eureka endpoints via configuration
2019-05-31 12:01:53.900  INFO 19832 --- [AsyncResolver-bootstrap-executor-0] c.n.d.s.r.aws.ConfigClusterResolver      : Resolving eureka endpoints via configuration
2019-05-31 12:06:53.901  INFO 19832 --- [AsyncResolver-bootstrap-executor-0] c.n.d.s.r.aws.ConfigClusterResolver      : Resolving eureka endpoints via configuration
2019-05-31 12:11:53.902  INFO 19832 --- [AsyncResolver-bootstrap-executor-0] c.n.d.s.r.aws.ConfigClusterResolver      : Resolving eureka endpoints via configuration
2019-05-31 12:13:06.591 DEBUG 19832 --- [http-nio-8092-exec-6] c.cnct.mapper.ModelMapper.getmodelbyid   : ==>  Preparing: select * from model where model_id = ? 
2019-05-31 12:13:06.592 DEBUG 19832 --- [http-nio-8092-exec-6] c.cnct.mapper.ModelMapper.getmodelbyid   : ==> Parameters: 43(Integer)
2019-05-31 12:13:06.595 DEBUG 19832 --- [http-nio-8092-exec-6] c.cnct.mapper.ModelMapper.getmodelbyid   : <==      Total: 1
2019-05-31 12:16:53.902  INFO 19832 --- [AsyncResolver-bootstrap-executor-0] c.n.d.s.r.aws.ConfigClusterResolver      : Resolving eureka endpoints via configuration
2019-05-31 12:21:53.904  INFO 19832 --- [AsyncResolver-bootstrap-executor-0] c.n.d.s.r.aws.ConfigClusterResolver      : Resolving eureka endpoints via configuration
2019-05-31 12:26:53.905  INFO 19832 --- [AsyncResolver-bootstrap-executor-0] c.n.d.s.r.aws.ConfigClusterResolver      : Resolving eureka endpoints via configuration
2019-05-31 12:31:53.905  INFO 19832 --- [AsyncResolver-bootstrap-executor-0] c.n.d.s.r.aws.ConfigClusterResolver      : Resolving eureka endpoints via configuration
2019-05-31 12:36:53.907  INFO 19832 --- [AsyncResolver-bootstrap-executor-0] c.n.d.s.r.aws.ConfigClusterResolver      : Resolving eureka endpoints via configuration
2019-05-31 12:41:53.909  INFO 19832 --- [AsyncResolver-bootstrap-executor-0] c.n.d.s.r.aws.ConfigClusterResolver      : Resolving eureka endpoints via configuration
2019-05-31 12:46:53.911  INFO 19832 --- [AsyncResolver-bootstrap-executor-0] c.n.d.s.r.aws.ConfigClusterResolver      : Resolving eureka endpoints via configuration
2019-05-31 12:51:53.913  INFO 19832 --- [AsyncResolver-bootstrap-executor-0] c.n.d.s.r.aws.ConfigClusterResolver      : Resolving eureka endpoints via configuration
2019-05-31 12:56:53.915  INFO 19832 --- [AsyncResolver-bootstrap-executor-0] c.n.d.s.r.aws.ConfigClusterResolver      : Resolving eureka endpoints via configuration
2019-05-31 13:01:53.916  INFO 19832 --- [AsyncResolver-bootstrap-executor-0] c.n.d.s.r.aws.ConfigClusterResolver      : Resolving eureka endpoints via configuration
2019-05-31 13:06:53.917  INFO 19832 --- [AsyncResolver-bootstrap-executor-0] c.n.d.s.r.aws.ConfigClusterResolver      : Resolving eureka endpoints via configuration
2019-05-31 13:11:53.918  INFO 19832 --- [AsyncResolver-bootstrap-executor-0] c.n.d.s.r.aws.ConfigClusterResolver      : Resolving eureka endpoints via configuration
2019-05-31 13:16:53.919  INFO 19832 --- [AsyncResolver-bootstrap-executor-0] c.n.d.s.r.aws.ConfigClusterResolver      : Resolving eureka endpoints via configuration
2019-05-31 13:21:53.921  INFO 19832 --- [AsyncResolver-bootstrap-executor-0] c.n.d.s.r.aws.ConfigClusterResolver      : Resolving eureka endpoints via configuration
2019-05-31 13:26:53.921  INFO 19832 --- [AsyncResolver-bootstrap-executor-0] c.n.d.s.r.aws.ConfigClusterResolver      : Resolving eureka endpoints via configuration
2019-05-31 13:31:53.924  INFO 19832 --- [AsyncResolver-bootstrap-executor-0] c.n.d.s.r.aws.ConfigClusterResolver      : Resolving eureka endpoints via configuration
2019-05-31 13:36:53.925  INFO 19832 --- [AsyncResolver-bootstrap-executor-0] c.n.d.s.r.aws.ConfigClusterResolver      : Resolving eureka endpoints via configuration
2019-05-31 13:41:53.927  INFO 19832 --- [AsyncResolver-bootstrap-executor-0] c.n.d.s.r.aws.ConfigClusterResolver      : Resolving eureka endpoints via configuration
2019-05-31 13:46:53.929  INFO 19832 --- [AsyncResolver-bootstrap-executor-0] c.n.d.s.r.aws.ConfigClusterResolver      : Resolving eureka endpoints via configuration
2019-05-31 13:51:53.930  INFO 19832 --- [AsyncResolver-bootstrap-executor-0] c.n.d.s.r.aws.ConfigClusterResolver      : Resolving eureka endpoints via configuration
2019-05-31 13:56:53.932  INFO 19832 --- [AsyncResolver-bootstrap-executor-0] c.n.d.s.r.aws.ConfigClusterResolver      : Resolving eureka endpoints via configuration
2019-05-31 14:01:53.933  INFO 19832 --- [AsyncResolver-bootstrap-executor-0] c.n.d.s.r.aws.ConfigClusterResolver      : Resolving eureka endpoints via configuration
2019-05-31 14:06:53.934  INFO 19832 --- [AsyncResolver-bootstrap-executor-0] c.n.d.s.r.aws.ConfigClusterResolver      : Resolving eureka endpoints via configuration
2019-05-31 14:11:53.936  INFO 19832 --- [AsyncResolver-bootstrap-executor-0] c.n.d.s.r.aws.ConfigClusterResolver      : Resolving eureka endpoints via configuration
2019-05-31 14:16:53.938  INFO 19832 --- [AsyncResolver-bootstrap-executor-0] c.n.d.s.r.aws.ConfigClusterResolver      : Resolving eureka endpoints via configuration
2019-05-31 14:20:19.334  INFO 10684 --- [main] com.cnct.ComsysApplication               : The following profiles are active: dev
2019-05-31 14:20:21.673  INFO 10684 --- [main] o.apache.catalina.core.StandardService   : Starting service [Tomcat]
2019-05-31 14:20:21.673  INFO 10684 --- [main] org.apache.catalina.core.StandardEngine  : Starting Servlet engine: [Apache Tomcat/9.0.16]
2019-05-31 14:20:21.698  INFO 10684 --- [main] o.a.catalina.core.AprLifecycleListener   : The APR based Apache Tomcat Native library which allows optimal performance in production environments was not found on the java.library.path: [C:\Java\jdk1.8.0_131\bin;C:\WINDOWS\Sun\Java\bin;C:\WINDOWS\system32;C:\WINDOWS;D:\utils\product\11.2.0\client_1;D:\utils\product\11.2.0\client_1\bin;C:\ProgramData\Oracle\Java\javapath;C:\Java\jdk1.6.0_21\bin;C:\Program Files (x86)\Intel\iCLS Client\;C:\Program Files\Intel\iCLS Client\;C:\Windows\system32;C:\Windows;C:\Windows\System32\Wbem;C:\Windows\System32\WindowsPowerShell\v1.0\;C:\Program Files\Intel\Intel(R) Management Engine Components\DAL;C:\Program Files\Intel\Intel(R) Management Engine Components\IPT;C:\Program Files (x86)\Intel\Intel(R) Management Engine Components\DAL;C:\Program Files (x86)\Intel\Intel(R) Management Engine Components\IPT;C:\Program Files\Intel\WiFi\bin\;C:\Program Files\Common Files\Intel\WirelessCommon\;C:\Program Files (x86)\NVIDIA Corporation\PhysX\Common;C:\WINDOWS\system32;C:\WINDOWS;C:\WINDOWS\System32\Wbem;C:\WINDOWS\System32\WindowsPowerShell\v1.0\;D:\MySQL\bin;D:\utils\maven3.5.4\apache-maven-3.5.4\bin;D:\utils\Git\cmd;D:\utils\TortoiseGit\bin;D:\utils\VisualSVN Server\bin;D:\utils\TortoiseSVN\bin;D:\utils\Tesseract-OCR;D:\utils\Tesseract-OCR3.0.2;D:\utils\nodejs\node-v8.11.3-win-x64;D:\utils\nodejs\node-v8.11.3-win-x64\node_global;C:\WINDOWS\System32\OpenSSH\;C:\Java\jdk1.8.0_131\bin;C:\Users\iasus\AppData\Local\Microsoft\WindowsApps;C:\Users\iasus\AppData\Local\GitHubDesktop\bin;D:\utils\SSHSecureShellClient-3.2.9;C:\Users\iasus\AppData\Local\Microsoft\WindowsApps;D:\utils\Tesseract-OCR3.0.2;;.]
2019-05-31 14:20:21.858  INFO 10684 --- [main] o.a.c.c.C.[Tomcat].[localhost].[/whale]  : Initializing Spring embedded WebApplicationContext
2019-05-31 14:20:22.300  INFO 10684 --- [main] com.alibaba.druid.pool.DruidDataSource   : {dataSource-1} inited
2019-05-31 14:20:22.434  INFO 10684 --- [main] o.hibernate.jpa.internal.util.LogHelper  : HHH000204: Processing PersistenceUnitInfo [
	name: default
	...]
2019-05-31 14:20:22.496  INFO 10684 --- [main] org.hibernate.Version                    : HHH000412: Hibernate Core {5.3.7.Final}
2019-05-31 14:20:22.499  INFO 10684 --- [main] org.hibernate.cfg.Environment            : HHH000206: hibernate.properties not found
2019-05-31 14:20:22.628  INFO 10684 --- [main] o.hibernate.annotations.common.Version   : HCANN000001: Hibernate Commons Annotations {5.0.4.Final}
2019-05-31 14:20:22.773  INFO 10684 --- [main] org.hibernate.dialect.Dialect            : HHH000400: Using dialect: org.hibernate.dialect.MySQL5Dialect
2019-05-31 14:20:24.002  WARN 10684 --- [main] aWebConfiguration$JpaWebMvcConfiguration : spring.jpa.open-in-view is enabled by default. Therefore, database queries may be performed during view rendering. Explicitly configure spring.jpa.open-in-view to disable this warning
2019-05-31 14:20:24.193  INFO 10684 --- [main] o.a.c.w.s.f.ReflectionServiceFactoryBean : Creating Service {http://wsdemo.cnct.com}modelService from class com.cnct.wsdemo.AppService
2019-05-31 14:20:24.573  INFO 10684 --- [main] org.apache.cxf.endpoint.ServerImpl       : Setting the server's publish address to be /wstest
2019-05-31 14:20:24.794  INFO 10684 --- [main] pertySourcedRequestMappingHandlerMapping : Mapped URL path [/v2/api-docs] onto method [public org.springframework.http.ResponseEntity<springfox.documentation.spring.web.json.Json> springfox.documentation.swagger2.web.Swagger2Controller.getDocumentation(java.lang.String,javax.servlet.http.HttpServletRequest)]
2019-05-31 14:20:24.816  WARN 10684 --- [main] c.n.c.sources.URLConfigurationSource     : No URLs will be polled as dynamic configuration sources.
2019-05-31 14:20:24.816  INFO 10684 --- [main] c.n.c.sources.URLConfigurationSource     : To enable URLs as dynamic configuration sources, define System property archaius.configurationSource.additionalUrls or make config.properties available on classpath.
2019-05-31 14:20:24.820  WARN 10684 --- [main] c.n.c.sources.URLConfigurationSource     : No URLs will be polled as dynamic configuration sources.
2019-05-31 14:20:24.820  INFO 10684 --- [main] c.n.c.sources.URLConfigurationSource     : To enable URLs as dynamic configuration sources, define System property archaius.configurationSource.additionalUrls or make config.properties available on classpath.
2019-05-31 14:20:25.149  WARN 10684 --- [main] ion$DefaultTemplateResolverConfiguration : Cannot find template location: classpath:/templates/ (please add some templates or check your Thymeleaf configuration)
2019-05-31 14:20:26.712  INFO 10684 --- [main] com.netflix.discovery.DiscoveryClient    : Shutting down DiscoveryClient ...
2019-05-31 14:20:26.718  INFO 10684 --- [main] com.netflix.discovery.DiscoveryClient    : Completed shut down of DiscoveryClient
2019-05-31 14:20:26.827  INFO 10684 --- [main] com.netflix.discovery.DiscoveryClient    : Initializing Eureka in region us-east-1
2019-05-31 14:20:26.830  INFO 10684 --- [main] c.n.d.provider.DiscoveryJerseyProvider   : Using JSON encoding codec LegacyJacksonJson
2019-05-31 14:20:26.830  INFO 10684 --- [main] c.n.d.provider.DiscoveryJerseyProvider   : Using JSON decoding codec LegacyJacksonJson
2019-05-31 14:20:26.830  INFO 10684 --- [main] c.n.d.provider.DiscoveryJerseyProvider   : Using XML encoding codec XStreamXml
2019-05-31 14:20:26.830  INFO 10684 --- [main] c.n.d.provider.DiscoveryJerseyProvider   : Using XML decoding codec XStreamXml
2019-05-31 14:20:26.936  INFO 10684 --- [main] c.n.d.s.r.aws.ConfigClusterResolver      : Resolving eureka endpoints via configuration
2019-05-31 14:20:26.937  INFO 10684 --- [main] com.netflix.discovery.DiscoveryClient    : Disable delta property : false
2019-05-31 14:20:26.937  INFO 10684 --- [main] com.netflix.discovery.DiscoveryClient    : Single vip registry refresh property : null
2019-05-31 14:20:26.937  INFO 10684 --- [main] com.netflix.discovery.DiscoveryClient    : Force full registry fetch : false
2019-05-31 14:20:26.937  INFO 10684 --- [main] com.netflix.discovery.DiscoveryClient    : Application is null : false
2019-05-31 14:20:26.937  INFO 10684 --- [main] com.netflix.discovery.DiscoveryClient    : Registered Applications size is zero : true
2019-05-31 14:20:26.937  INFO 10684 --- [main] com.netflix.discovery.DiscoveryClient    : Application version is -1: true
2019-05-31 14:20:26.938  INFO 10684 --- [main] com.netflix.discovery.DiscoveryClient    : Getting all instance registry info from the eureka server
2019-05-31 14:20:26.941  INFO 10684 --- [main] com.netflix.discovery.DiscoveryClient    : The response status is 200
2019-05-31 14:20:26.942  INFO 10684 --- [main] com.netflix.discovery.DiscoveryClient    : Starting heartbeat executor: renew interval is: 30
2019-05-31 14:20:26.944  INFO 10684 --- [main] c.n.discovery.InstanceInfoReplicator     : InstanceInfoReplicator onDemand update allowed rate per min is 4
2019-05-31 14:20:26.945  INFO 10684 --- [main] com.netflix.discovery.DiscoveryClient    : Discovery Client initialized at timestamp 1559283626945 with initial instances count: 2
2019-05-31 14:20:26.948  INFO 10684 --- [main] com.netflix.discovery.DiscoveryClient    : Saw local status change event StatusChangeEvent [timestamp=1559283626948, current=UP, previous=STARTING]
2019-05-31 14:20:26.950  INFO 10684 --- [DiscoveryClient-InstanceInfoReplicator-0] com.netflix.discovery.DiscoveryClient    : DiscoveryClient_PROVIDER-SERVICE/Tiffany:provider-service:8092: registering service...
2019-05-31 14:20:26.950  INFO 10684 --- [main] d.s.w.p.DocumentationPluginsBootstrapper : Context refreshed
2019-05-31 14:20:26.973  INFO 10684 --- [main] d.s.w.p.DocumentationPluginsBootstrapper : Found 1 custom documentation plugin(s)
2019-05-31 14:20:26.994  INFO 10684 --- [DiscoveryClient-InstanceInfoReplicator-0] com.netflix.discovery.DiscoveryClient    : DiscoveryClient_PROVIDER-SERVICE/Tiffany:provider-service:8092 - registration status: 204
2019-05-31 14:20:27.009  INFO 10684 --- [main] s.d.s.w.s.ApiListingReferenceScanner     : Scanning for api listing references
2019-05-31 14:20:27.201  INFO 10684 --- [main] .d.s.w.r.o.CachingOperationNameGenerator : Generating unique operation named: queryModelsUsingPOST_1
2019-05-31 14:20:27.278  INFO 10684 --- [main] com.cnct.ComsysApplication               : Started ComsysApplication in 19.839 seconds (JVM running for 20.563)
2019-05-31 14:20:27.449  INFO 10684 --- [http-nio-8092-exec-1] o.a.c.c.C.[Tomcat].[localhost].[/whale]  : Initializing Spring DispatcherServlet 'dispatcherServlet'
2019-05-31 14:20:56.776  INFO 10684 --- [http-nio-8092-exec-8] io.lettuce.core.EpollProvider            : Starting without optional epoll library
2019-05-31 14:20:56.777  INFO 10684 --- [http-nio-8092-exec-8] io.lettuce.core.KqueueProvider           : Starting without optional kqueue library
2019-05-31 14:24:20.854  INFO 8208 --- [main] com.cnct.ComsysApplication               : The following profiles are active: dev
2019-05-31 14:24:22.521  INFO 8208 --- [main] o.apache.catalina.core.StandardService   : Starting service [Tomcat]
2019-05-31 14:24:22.522  INFO 8208 --- [main] org.apache.catalina.core.StandardEngine  : Starting Servlet engine: [Apache Tomcat/9.0.16]
2019-05-31 14:24:22.528  INFO 8208 --- [main] o.a.catalina.core.AprLifecycleListener   : The APR based Apache Tomcat Native library which allows optimal performance in production environments was not found on the java.library.path: [C:\Java\jdk1.8.0_131\bin;C:\WINDOWS\Sun\Java\bin;C:\WINDOWS\system32;C:\WINDOWS;D:\utils\product\11.2.0\client_1;D:\utils\product\11.2.0\client_1\bin;C:\ProgramData\Oracle\Java\javapath;C:\Java\jdk1.6.0_21\bin;C:\Program Files (x86)\Intel\iCLS Client\;C:\Program Files\Intel\iCLS Client\;C:\Windows\system32;C:\Windows;C:\Windows\System32\Wbem;C:\Windows\System32\WindowsPowerShell\v1.0\;C:\Program Files\Intel\Intel(R) Management Engine Components\DAL;C:\Program Files\Intel\Intel(R) Management Engine Components\IPT;C:\Program Files (x86)\Intel\Intel(R) Management Engine Components\DAL;C:\Program Files (x86)\Intel\Intel(R) Management Engine Components\IPT;C:\Program Files\Intel\WiFi\bin\;C:\Program Files\Common Files\Intel\WirelessCommon\;C:\Program Files (x86)\NVIDIA Corporation\PhysX\Common;C:\WINDOWS\system32;C:\WINDOWS;C:\WINDOWS\System32\Wbem;C:\WINDOWS\System32\WindowsPowerShell\v1.0\;D:\MySQL\bin;D:\utils\maven3.5.4\apache-maven-3.5.4\bin;D:\utils\Git\cmd;D:\utils\TortoiseGit\bin;D:\utils\VisualSVN Server\bin;D:\utils\TortoiseSVN\bin;D:\utils\Tesseract-OCR;D:\utils\Tesseract-OCR3.0.2;D:\utils\nodejs\node-v8.11.3-win-x64;D:\utils\nodejs\node-v8.11.3-win-x64\node_global;C:\WINDOWS\System32\OpenSSH\;C:\Java\jdk1.8.0_131\bin;C:\Users\iasus\AppData\Local\Microsoft\WindowsApps;C:\Users\iasus\AppData\Local\GitHubDesktop\bin;D:\utils\SSHSecureShellClient-3.2.9;C:\Users\iasus\AppData\Local\Microsoft\WindowsApps;D:\utils\Tesseract-OCR3.0.2;;.]
2019-05-31 14:24:22.699  INFO 8208 --- [main] o.a.c.c.C.[Tomcat].[localhost].[/whale]  : Initializing Spring embedded WebApplicationContext
2019-05-31 14:24:23.078  INFO 8208 --- [main] com.alibaba.druid.pool.DruidDataSource   : {dataSource-1} inited
2019-05-31 14:24:23.201  INFO 8208 --- [main] o.hibernate.jpa.internal.util.LogHelper  : HHH000204: Processing PersistenceUnitInfo [
	name: default
	...]
2019-05-31 14:24:23.259  INFO 8208 --- [main] org.hibernate.Version                    : HHH000412: Hibernate Core {5.3.7.Final}
2019-05-31 14:24:23.261  INFO 8208 --- [main] org.hibernate.cfg.Environment            : HHH000206: hibernate.properties not found
2019-05-31 14:24:23.387  INFO 8208 --- [main] o.hibernate.annotations.common.Version   : HCANN000001: Hibernate Commons Annotations {5.0.4.Final}
2019-05-31 14:24:23.517  INFO 8208 --- [main] org.hibernate.dialect.Dialect            : HHH000400: Using dialect: org.hibernate.dialect.MySQL5Dialect
2019-05-31 14:24:24.513  WARN 8208 --- [main] aWebConfiguration$JpaWebMvcConfiguration : spring.jpa.open-in-view is enabled by default. Therefore, database queries may be performed during view rendering. Explicitly configure spring.jpa.open-in-view to disable this warning
2019-05-31 14:24:24.672  INFO 8208 --- [main] o.a.c.w.s.f.ReflectionServiceFactoryBean : Creating Service {http://wsdemo.cnct.com}modelService from class com.cnct.wsdemo.AppService
2019-05-31 14:24:25.051  INFO 8208 --- [main] org.apache.cxf.endpoint.ServerImpl       : Setting the server's publish address to be /wstest
2019-05-31 14:24:25.269  INFO 8208 --- [main] pertySourcedRequestMappingHandlerMapping : Mapped URL path [/v2/api-docs] onto method [public org.springframework.http.ResponseEntity<springfox.documentation.spring.web.json.Json> springfox.documentation.swagger2.web.Swagger2Controller.getDocumentation(java.lang.String,javax.servlet.http.HttpServletRequest)]
2019-05-31 14:24:25.292  WARN 8208 --- [main] c.n.c.sources.URLConfigurationSource     : No URLs will be polled as dynamic configuration sources.
2019-05-31 14:24:25.292  INFO 8208 --- [main] c.n.c.sources.URLConfigurationSource     : To enable URLs as dynamic configuration sources, define System property archaius.configurationSource.additionalUrls or make config.properties available on classpath.
2019-05-31 14:24:25.297  WARN 8208 --- [main] c.n.c.sources.URLConfigurationSource     : No URLs will be polled as dynamic configuration sources.
2019-05-31 14:24:25.297  INFO 8208 --- [main] c.n.c.sources.URLConfigurationSource     : To enable URLs as dynamic configuration sources, define System property archaius.configurationSource.additionalUrls or make config.properties available on classpath.
2019-05-31 14:24:25.598  WARN 8208 --- [main] ion$DefaultTemplateResolverConfiguration : Cannot find template location: classpath:/templates/ (please add some templates or check your Thymeleaf configuration)
2019-05-31 14:24:27.075  INFO 8208 --- [main] com.netflix.discovery.DiscoveryClient    : Shutting down DiscoveryClient ...
2019-05-31 14:24:27.081  INFO 8208 --- [main] com.netflix.discovery.DiscoveryClient    : Completed shut down of DiscoveryClient
2019-05-31 14:24:27.180  INFO 8208 --- [main] com.netflix.discovery.DiscoveryClient    : Initializing Eureka in region us-east-1
2019-05-31 14:24:27.182  INFO 8208 --- [main] c.n.d.provider.DiscoveryJerseyProvider   : Using JSON encoding codec LegacyJacksonJson
2019-05-31 14:24:27.182  INFO 8208 --- [main] c.n.d.provider.DiscoveryJerseyProvider   : Using JSON decoding codec LegacyJacksonJson
2019-05-31 14:24:27.183  INFO 8208 --- [main] c.n.d.provider.DiscoveryJerseyProvider   : Using XML encoding codec XStreamXml
2019-05-31 14:24:27.183  INFO 8208 --- [main] c.n.d.provider.DiscoveryJerseyProvider   : Using XML decoding codec XStreamXml
2019-05-31 14:24:27.283  INFO 8208 --- [main] c.n.d.s.r.aws.ConfigClusterResolver      : Resolving eureka endpoints via configuration
2019-05-31 14:24:27.284  INFO 8208 --- [main] com.netflix.discovery.DiscoveryClient    : Disable delta property : false
2019-05-31 14:24:27.284  INFO 8208 --- [main] com.netflix.discovery.DiscoveryClient    : Single vip registry refresh property : null
2019-05-31 14:24:27.284  INFO 8208 --- [main] com.netflix.discovery.DiscoveryClient    : Force full registry fetch : false
2019-05-31 14:24:27.284  INFO 8208 --- [main] com.netflix.discovery.DiscoveryClient    : Application is null : false
2019-05-31 14:24:27.284  INFO 8208 --- [main] com.netflix.discovery.DiscoveryClient    : Registered Applications size is zero : true
2019-05-31 14:24:27.284  INFO 8208 --- [main] com.netflix.discovery.DiscoveryClient    : Application version is -1: true
2019-05-31 14:24:27.284  INFO 8208 --- [main] com.netflix.discovery.DiscoveryClient    : Getting all instance registry info from the eureka server
2019-05-31 14:24:27.288  INFO 8208 --- [main] com.netflix.discovery.DiscoveryClient    : The response status is 200
2019-05-31 14:24:27.289  INFO 8208 --- [main] com.netflix.discovery.DiscoveryClient    : Starting heartbeat executor: renew interval is: 30
2019-05-31 14:24:27.291  INFO 8208 --- [main] c.n.discovery.InstanceInfoReplicator     : InstanceInfoReplicator onDemand update allowed rate per min is 4
2019-05-31 14:24:27.292  INFO 8208 --- [main] com.netflix.discovery.DiscoveryClient    : Discovery Client initialized at timestamp 1559283867292 with initial instances count: 2
2019-05-31 14:24:27.295  INFO 8208 --- [main] com.netflix.discovery.DiscoveryClient    : Saw local status change event StatusChangeEvent [timestamp=1559283867295, current=UP, previous=STARTING]
2019-05-31 14:24:27.297  INFO 8208 --- [main] d.s.w.p.DocumentationPluginsBootstrapper : Context refreshed
2019-05-31 14:24:27.297  INFO 8208 --- [DiscoveryClient-InstanceInfoReplicator-0] com.netflix.discovery.DiscoveryClient    : DiscoveryClient_PROVIDER-SERVICE/Tiffany:provider-service:8092: registering service...
2019-05-31 14:24:27.320  INFO 8208 --- [main] d.s.w.p.DocumentationPluginsBootstrapper : Found 1 custom documentation plugin(s)
2019-05-31 14:24:27.338  INFO 8208 --- [DiscoveryClient-InstanceInfoReplicator-0] com.netflix.discovery.DiscoveryClient    : DiscoveryClient_PROVIDER-SERVICE/Tiffany:provider-service:8092 - registration status: 204
2019-05-31 14:24:27.353  INFO 8208 --- [main] s.d.s.w.s.ApiListingReferenceScanner     : Scanning for api listing references
2019-05-31 14:24:27.510  INFO 8208 --- [main] .d.s.w.r.o.CachingOperationNameGenerator : Generating unique operation named: queryModelsUsingPOST_1
2019-05-31 14:24:27.578  INFO 8208 --- [main] com.cnct.ComsysApplication               : Started ComsysApplication in 14.232 seconds (JVM running for 15.158)
2019-05-31 14:24:35.998  INFO 8208 --- [http-nio-8092-exec-1] o.a.c.c.C.[Tomcat].[localhost].[/whale]  : Initializing Spring DispatcherServlet 'dispatcherServlet'
2019-05-31 14:24:36.208  INFO 8208 --- [http-nio-8092-exec-1] io.lettuce.core.EpollProvider            : Starting without optional epoll library
2019-05-31 14:24:36.211  INFO 8208 --- [http-nio-8092-exec-1] io.lettuce.core.KqueueProvider           : Starting without optional kqueue library
2019-05-31 14:29:27.285  INFO 8208 --- [AsyncResolver-bootstrap-executor-0] c.n.d.s.r.aws.ConfigClusterResolver      : Resolving eureka endpoints via configuration
2019-05-31 14:29:40.977  INFO 13720 --- [main] com.cnct.ComsysApplication               : The following profiles are active: dev
2019-05-31 14:29:42.660  INFO 13720 --- [main] o.apache.catalina.core.StandardService   : Starting service [Tomcat]
2019-05-31 14:29:42.660  INFO 13720 --- [main] org.apache.catalina.core.StandardEngine  : Starting Servlet engine: [Apache Tomcat/9.0.16]
2019-05-31 14:29:42.666  INFO 13720 --- [main] o.a.catalina.core.AprLifecycleListener   : The APR based Apache Tomcat Native library which allows optimal performance in production environments was not found on the java.library.path: [C:\Java\jdk1.8.0_131\bin;C:\WINDOWS\Sun\Java\bin;C:\WINDOWS\system32;C:\WINDOWS;D:\utils\product\11.2.0\client_1;D:\utils\product\11.2.0\client_1\bin;C:\ProgramData\Oracle\Java\javapath;C:\Java\jdk1.6.0_21\bin;C:\Program Files (x86)\Intel\iCLS Client\;C:\Program Files\Intel\iCLS Client\;C:\Windows\system32;C:\Windows;C:\Windows\System32\Wbem;C:\Windows\System32\WindowsPowerShell\v1.0\;C:\Program Files\Intel\Intel(R) Management Engine Components\DAL;C:\Program Files\Intel\Intel(R) Management Engine Components\IPT;C:\Program Files (x86)\Intel\Intel(R) Management Engine Components\DAL;C:\Program Files (x86)\Intel\Intel(R) Management Engine Components\IPT;C:\Program Files\Intel\WiFi\bin\;C:\Program Files\Common Files\Intel\WirelessCommon\;C:\Program Files (x86)\NVIDIA Corporation\PhysX\Common;C:\WINDOWS\system32;C:\WINDOWS;C:\WINDOWS\System32\Wbem;C:\WINDOWS\System32\WindowsPowerShell\v1.0\;D:\MySQL\bin;D:\utils\maven3.5.4\apache-maven-3.5.4\bin;D:\utils\Git\cmd;D:\utils\TortoiseGit\bin;D:\utils\VisualSVN Server\bin;D:\utils\TortoiseSVN\bin;D:\utils\Tesseract-OCR;D:\utils\Tesseract-OCR3.0.2;D:\utils\nodejs\node-v8.11.3-win-x64;D:\utils\nodejs\node-v8.11.3-win-x64\node_global;C:\WINDOWS\System32\OpenSSH\;C:\Java\jdk1.8.0_131\bin;C:\Users\iasus\AppData\Local\Microsoft\WindowsApps;C:\Users\iasus\AppData\Local\GitHubDesktop\bin;D:\utils\SSHSecureShellClient-3.2.9;C:\Users\iasus\AppData\Local\Microsoft\WindowsApps;D:\utils\Tesseract-OCR3.0.2;;.]
2019-05-31 14:29:42.823  INFO 13720 --- [main] o.a.c.c.C.[Tomcat].[localhost].[/whale]  : Initializing Spring embedded WebApplicationContext
2019-05-31 14:29:43.209  INFO 13720 --- [main] com.alibaba.druid.pool.DruidDataSource   : {dataSource-1} inited
2019-05-31 14:29:43.341  INFO 13720 --- [main] o.hibernate.jpa.internal.util.LogHelper  : HHH000204: Processing PersistenceUnitInfo [
	name: default
	...]
2019-05-31 14:29:43.411  INFO 13720 --- [main] org.hibernate.Version                    : HHH000412: Hibernate Core {5.3.7.Final}
2019-05-31 14:29:43.415  INFO 13720 --- [main] org.hibernate.cfg.Environment            : HHH000206: hibernate.properties not found
2019-05-31 14:29:43.554  INFO 13720 --- [main] o.hibernate.annotations.common.Version   : HCANN000001: Hibernate Commons Annotations {5.0.4.Final}
2019-05-31 14:29:43.705  INFO 13720 --- [main] org.hibernate.dialect.Dialect            : HHH000400: Using dialect: org.hibernate.dialect.MySQL5Dialect
2019-05-31 14:29:44.644  WARN 13720 --- [main] aWebConfiguration$JpaWebMvcConfiguration : spring.jpa.open-in-view is enabled by default. Therefore, database queries may be performed during view rendering. Explicitly configure spring.jpa.open-in-view to disable this warning
2019-05-31 14:29:44.796  INFO 13720 --- [main] o.a.c.w.s.f.ReflectionServiceFactoryBean : Creating Service {http://wsdemo.cnct.com}modelService from class com.cnct.wsdemo.AppService
2019-05-31 14:29:45.168  INFO 13720 --- [main] org.apache.cxf.endpoint.ServerImpl       : Setting the server's publish address to be /wstest
2019-05-31 14:29:45.383  INFO 13720 --- [main] pertySourcedRequestMappingHandlerMapping : Mapped URL path [/v2/api-docs] onto method [public org.springframework.http.ResponseEntity<springfox.documentation.spring.web.json.Json> springfox.documentation.swagger2.web.Swagger2Controller.getDocumentation(java.lang.String,javax.servlet.http.HttpServletRequest)]
2019-05-31 14:29:45.406  WARN 13720 --- [main] c.n.c.sources.URLConfigurationSource     : No URLs will be polled as dynamic configuration sources.
2019-05-31 14:29:45.406  INFO 13720 --- [main] c.n.c.sources.URLConfigurationSource     : To enable URLs as dynamic configuration sources, define System property archaius.configurationSource.additionalUrls or make config.properties available on classpath.
2019-05-31 14:29:45.411  WARN 13720 --- [main] c.n.c.sources.URLConfigurationSource     : No URLs will be polled as dynamic configuration sources.
2019-05-31 14:29:45.411  INFO 13720 --- [main] c.n.c.sources.URLConfigurationSource     : To enable URLs as dynamic configuration sources, define System property archaius.configurationSource.additionalUrls or make config.properties available on classpath.
2019-05-31 14:29:45.725  WARN 13720 --- [main] ion$DefaultTemplateResolverConfiguration : Cannot find template location: classpath:/templates/ (please add some templates or check your Thymeleaf configuration)
2019-05-31 14:29:47.204  INFO 13720 --- [main] com.netflix.discovery.DiscoveryClient    : Shutting down DiscoveryClient ...
2019-05-31 14:29:47.210  INFO 13720 --- [main] com.netflix.discovery.DiscoveryClient    : Completed shut down of DiscoveryClient
2019-05-31 14:29:47.309  INFO 13720 --- [main] com.netflix.discovery.DiscoveryClient    : Initializing Eureka in region us-east-1
2019-05-31 14:29:47.312  INFO 13720 --- [main] c.n.d.provider.DiscoveryJerseyProvider   : Using JSON encoding codec LegacyJacksonJson
2019-05-31 14:29:47.312  INFO 13720 --- [main] c.n.d.provider.DiscoveryJerseyProvider   : Using JSON decoding codec LegacyJacksonJson
2019-05-31 14:29:47.312  INFO 13720 --- [main] c.n.d.provider.DiscoveryJerseyProvider   : Using XML encoding codec XStreamXml
2019-05-31 14:29:47.312  INFO 13720 --- [main] c.n.d.provider.DiscoveryJerseyProvider   : Using XML decoding codec XStreamXml
2019-05-31 14:29:47.415  INFO 13720 --- [main] c.n.d.s.r.aws.ConfigClusterResolver      : Resolving eureka endpoints via configuration
2019-05-31 14:29:47.416  INFO 13720 --- [main] com.netflix.discovery.DiscoveryClient    : Disable delta property : false
2019-05-31 14:29:47.416  INFO 13720 --- [main] com.netflix.discovery.DiscoveryClient    : Single vip registry refresh property : null
2019-05-31 14:29:47.416  INFO 13720 --- [main] com.netflix.discovery.DiscoveryClient    : Force full registry fetch : false
2019-05-31 14:29:47.416  INFO 13720 --- [main] com.netflix.discovery.DiscoveryClient    : Application is null : false
2019-05-31 14:29:47.416  INFO 13720 --- [main] com.netflix.discovery.DiscoveryClient    : Registered Applications size is zero : true
2019-05-31 14:29:47.416  INFO 13720 --- [main] com.netflix.discovery.DiscoveryClient    : Application version is -1: true
2019-05-31 14:29:47.416  INFO 13720 --- [main] com.netflix.discovery.DiscoveryClient    : Getting all instance registry info from the eureka server
2019-05-31 14:29:47.420  INFO 13720 --- [main] com.netflix.discovery.DiscoveryClient    : The response status is 200
2019-05-31 14:29:47.421  INFO 13720 --- [main] com.netflix.discovery.DiscoveryClient    : Starting heartbeat executor: renew interval is: 30
2019-05-31 14:29:47.423  INFO 13720 --- [main] c.n.discovery.InstanceInfoReplicator     : InstanceInfoReplicator onDemand update allowed rate per min is 4
2019-05-31 14:29:47.424  INFO 13720 --- [main] com.netflix.discovery.DiscoveryClient    : Discovery Client initialized at timestamp 1559284187424 with initial instances count: 2
2019-05-31 14:29:47.427  INFO 13720 --- [main] com.netflix.discovery.DiscoveryClient    : Saw local status change event StatusChangeEvent [timestamp=1559284187427, current=UP, previous=STARTING]
2019-05-31 14:29:47.430  INFO 13720 --- [main] d.s.w.p.DocumentationPluginsBootstrapper : Context refreshed
2019-05-31 14:29:47.430  INFO 13720 --- [DiscoveryClient-InstanceInfoReplicator-0] com.netflix.discovery.DiscoveryClient    : DiscoveryClient_PROVIDER-SERVICE/Tiffany:provider-service:8092: registering service...
2019-05-31 14:29:47.456  INFO 13720 --- [main] d.s.w.p.DocumentationPluginsBootstrapper : Found 1 custom documentation plugin(s)
2019-05-31 14:29:47.474  INFO 13720 --- [DiscoveryClient-InstanceInfoReplicator-0] com.netflix.discovery.DiscoveryClient    : DiscoveryClient_PROVIDER-SERVICE/Tiffany:provider-service:8092 - registration status: 204
2019-05-31 14:29:47.488  INFO 13720 --- [main] s.d.s.w.s.ApiListingReferenceScanner     : Scanning for api listing references
2019-05-31 14:29:47.683  INFO 13720 --- [main] .d.s.w.r.o.CachingOperationNameGenerator : Generating unique operation named: queryModelsUsingPOST_1
2019-05-31 14:29:47.756  INFO 13720 --- [main] com.cnct.ComsysApplication               : Started ComsysApplication in 14.539 seconds (JVM running for 15.265)
2019-05-31 14:29:57.583  INFO 13720 --- [http-nio-8092-exec-1] o.a.c.c.C.[Tomcat].[localhost].[/whale]  : Initializing Spring DispatcherServlet 'dispatcherServlet'
2019-05-31 14:29:57.800  INFO 13720 --- [http-nio-8092-exec-1] io.lettuce.core.EpollProvider            : Starting without optional epoll library
2019-05-31 14:29:57.801  INFO 13720 --- [http-nio-8092-exec-1] io.lettuce.core.KqueueProvider           : Starting without optional kqueue library
2019-05-31 14:29:58.577 DEBUG 13720 --- [http-nio-8092-exec-1] com.cnct.mapper.ModelMapper.getAllRows   : ==>  Preparing: select count(1) from model m WHERE m.bid = 1 and m.status = ? 
2019-05-31 14:29:58.596 DEBUG 13720 --- [http-nio-8092-exec-1] com.cnct.mapper.ModelMapper.getAllRows   : ==> Parameters: 1(Integer)
2019-05-31 14:29:58.608 DEBUG 13720 --- [http-nio-8092-exec-1] com.cnct.mapper.ModelMapper.getAllRows   : <==      Total: 1
2019-05-31 14:29:58.610 DEBUG 13720 --- [http-nio-8092-exec-1] com.cnct.mapper.ModelMapper.queryModels  : ==>  Preparing: select m.model_id, m.mname, m.describtion, m.pcurl, m.pcpath, m.seoword, m.status, m.author, m.phoneurl, m.phpath, m.keyword, date_format(m.addtime,'%Y-%m-%d') as addtime, m.mprice , co.cid, co.cname, co.cssdata , t.tid, t.tname , h.hid, h.hname , a.aid, a.aname from model m left join mtypes t on m.tid = t.tid left join hangye h on m.hid = h.hid left join application a on m.aid = a.aid left join color co on m.cid = co.cid left join view_hotm iu on m.model_id = iu.model_id WHERE m.bid = 1 and m.status = ? limit ? , ? 
2019-05-31 14:29:58.611 DEBUG 13720 --- [http-nio-8092-exec-1] com.cnct.mapper.ModelMapper.queryModels  : ==> Parameters: 1(Integer), 20(Integer), 10(Integer)
2019-05-31 14:29:58.620 DEBUG 13720 --- [http-nio-8092-exec-1] com.cnct.mapper.ModelMapper.queryModels  : <==      Total: 10
2019-05-31 14:30:11.164 DEBUG 13720 --- [http-nio-8092-exec-4] com.cnct.mapper.ModelMapper.getAllRows   : ==>  Preparing: select count(1) from model m WHERE m.bid = 1 and m.status = ? 
2019-05-31 14:30:11.165 DEBUG 13720 --- [http-nio-8092-exec-4] com.cnct.mapper.ModelMapper.getAllRows   : ==> Parameters: 1(Integer)
2019-05-31 14:30:11.166 DEBUG 13720 --- [http-nio-8092-exec-4] com.cnct.mapper.ModelMapper.getAllRows   : <==      Total: 1
2019-05-31 14:30:11.167 DEBUG 13720 --- [http-nio-8092-exec-4] com.cnct.mapper.ModelMapper.queryModels  : ==>  Preparing: select m.model_id, m.mname, m.describtion, m.pcurl, m.pcpath, m.seoword, m.status, m.author, m.phoneurl, m.phpath, m.keyword, date_format(m.addtime,'%Y-%m-%d') as addtime, m.mprice , co.cid, co.cname, co.cssdata , t.tid, t.tname , h.hid, h.hname , a.aid, a.aname from model m left join mtypes t on m.tid = t.tid left join hangye h on m.hid = h.hid left join application a on m.aid = a.aid left join color co on m.cid = co.cid left join view_hotm iu on m.model_id = iu.model_id WHERE m.bid = 1 and m.status = ? limit ? , ? 
2019-05-31 14:30:11.175 DEBUG 13720 --- [http-nio-8092-exec-4] com.cnct.mapper.ModelMapper.queryModels  : ==> Parameters: 1(Integer), 40(Integer), 10(Integer)
2019-05-31 14:30:11.181 DEBUG 13720 --- [http-nio-8092-exec-4] com.cnct.mapper.ModelMapper.queryModels  : <==      Total: 10
2019-05-31 14:30:43.145 DEBUG 13720 --- [http-nio-8092-exec-6] com.cnct.mapper.ModelMapper.getAllRows   : ==>  Preparing: select count(1) from model m WHERE m.bid = 1 and m.status = ? 
2019-05-31 14:30:43.145 DEBUG 13720 --- [http-nio-8092-exec-6] com.cnct.mapper.ModelMapper.getAllRows   : ==> Parameters: 1(Integer)
2019-05-31 14:30:43.146 DEBUG 13720 --- [http-nio-8092-exec-6] com.cnct.mapper.ModelMapper.getAllRows   : <==      Total: 1
2019-05-31 14:30:43.147 DEBUG 13720 --- [http-nio-8092-exec-6] com.cnct.mapper.ModelMapper.queryModels  : ==>  Preparing: select m.model_id, m.mname, m.describtion, m.pcurl, m.pcpath, m.seoword, m.status, m.author, m.phoneurl, m.phpath, m.keyword, date_format(m.addtime,'%Y-%m-%d') as addtime, m.mprice , co.cid, co.cname, co.cssdata , t.tid, t.tname , h.hid, h.hname , a.aid, a.aname from model m left join mtypes t on m.tid = t.tid left join hangye h on m.hid = h.hid left join application a on m.aid = a.aid left join color co on m.cid = co.cid left join view_hotm iu on m.model_id = iu.model_id WHERE m.bid = 1 and m.status = ? limit ? , ? 
2019-05-31 14:30:43.147 DEBUG 13720 --- [http-nio-8092-exec-6] com.cnct.mapper.ModelMapper.queryModels  : ==> Parameters: 1(Integer), 110(Integer), 10(Integer)
2019-05-31 14:30:43.153 DEBUG 13720 --- [http-nio-8092-exec-6] com.cnct.mapper.ModelMapper.queryModels  : <==      Total: 10
2019-05-31 14:34:47.418  INFO 13720 --- [AsyncResolver-bootstrap-executor-0] c.n.d.s.r.aws.ConfigClusterResolver      : Resolving eureka endpoints via configuration
2019-05-31 14:39:47.420  INFO 13720 --- [AsyncResolver-bootstrap-executor-0] c.n.d.s.r.aws.ConfigClusterResolver      : Resolving eureka endpoints via configuration
2019-05-31 14:44:47.421  INFO 13720 --- [AsyncResolver-bootstrap-executor-0] c.n.d.s.r.aws.ConfigClusterResolver      : Resolving eureka endpoints via configuration
